TN:
SF:F:\2017Fall\SE\Front-end-developing\group_project\src\components\Hello.vue
FN:26,(anonymous_0)
FN:43,(anonymous_1)
FN:52,(anonymous_2)
FN:59,(anonymous_3)
FN:82,(anonymous_4)
FN:100,(anonymous_5)
FN:118,(anonymous_6)
FN:148,(anonymous_7)
FN:169,(anonymous_8)
FN:190,(anonymous_9)
FN:211,(anonymous_10)
FNF:11
FNH:11
FNDA:41,(anonymous_0)
FNDA:41,(anonymous_1)
FNDA:9,(anonymous_2)
FNDA:7,(anonymous_3)
FNDA:2,(anonymous_4)
FNDA:2,(anonymous_5)
FNDA:5,(anonymous_6)
FNDA:9,(anonymous_7)
FNDA:3,(anonymous_8)
FNDA:4,(anonymous_9)
FNDA:3,(anonymous_10)
DA:28,41
DA:29,41
DA:30,121
DA:31,121
DA:32,121
DA:33,295
DA:34,238
DA:35,238
DA:38,121
DA:39,121
DA:40,121
DA:44,41
DA:45,41
DA:46,41
DA:47,41
DA:48,41
DA:49,41
DA:50,41
DA:53,9
DA:54,9
DA:55,9
DA:56,9
DA:57,9
DA:60,7
DA:61,1
DA:62,1
DA:64,6
DA:65,3
DA:66,3
DA:68,6
DA:69,1
DA:70,1
DA:72,6
DA:73,1
DA:74,1
DA:76,6
DA:77,1
DA:78,1
DA:80,6
DA:83,2
DA:84,0
DA:85,0
DA:87,2
DA:88,2
DA:89,1
DA:90,1
DA:91,1
DA:92,1
DA:93,1
DA:94,1
DA:96,1
DA:97,1
DA:101,2
DA:102,0
DA:103,0
DA:105,2
DA:106,2
DA:107,1
DA:108,1
DA:109,1
DA:110,1
DA:111,1
DA:112,1
DA:114,1
DA:115,1
DA:120,5
DA:121,5
DA:122,0
DA:123,5
DA:124,5
DA:125,5
DA:126,2
DA:127,2
DA:128,3
DA:129,1
DA:130,1
DA:131,2
DA:132,1
DA:133,1
DA:134,1
DA:135,1
DA:136,1
DA:138,0
DA:140,5
DA:141,5
DA:142,0
DA:143,5
DA:145,5
DA:146,5
DA:149,9
DA:150,5
DA:152,9
DA:153,9
DA:154,21
DA:155,6
DA:156,6
DA:157,6
DA:158,6
DA:159,6
DA:160,6
DA:163,9
DA:164,3
DA:165,3
DA:166,3
DA:170,3
DA:171,1
DA:173,3
DA:174,3
DA:175,10
DA:176,1
DA:177,1
DA:178,1
DA:179,1
DA:180,1
DA:181,1
DA:184,3
DA:185,2
DA:186,2
DA:187,2
DA:191,4
DA:192,2
DA:194,4
DA:195,4
DA:196,12
DA:197,2
DA:198,2
DA:199,2
DA:200,2
DA:201,2
DA:202,2
DA:205,4
DA:206,2
DA:207,2
DA:208,2
DA:212,3
DA:213,1
DA:215,3
DA:216,3
DA:217,8
DA:218,1
DA:219,1
DA:220,1
DA:221,1
DA:222,1
DA:223,1
DA:226,3
DA:227,2
DA:228,2
DA:229,2
DA:234,9
LF:150
LH:143
BRDA:33,0,0,238
BRDA:33,0,1,57
BRDA:60,1,0,1
BRDA:60,1,1,6
BRDA:64,2,0,3
BRDA:64,2,1,3
BRDA:68,3,0,1
BRDA:68,3,1,5
BRDA:72,4,0,1
BRDA:72,4,1,5
BRDA:76,5,0,1
BRDA:76,5,1,5
BRDA:83,6,0,0
BRDA:83,6,1,2
BRDA:88,7,0,1
BRDA:88,7,1,1
BRDA:101,8,0,0
BRDA:101,8,1,2
BRDA:106,9,0,1
BRDA:106,9,1,1
BRDA:118,10,0,0
BRDA:118,11,0,0
BRDA:121,12,0,5
BRDA:121,12,1,0
BRDA:123,13,0,0
BRDA:123,13,1,5
BRDA:125,14,0,2
BRDA:125,14,1,3
BRDA:128,15,0,1
BRDA:128,15,1,2
BRDA:131,16,0,1
BRDA:131,16,1,1
BRDA:134,17,0,1
BRDA:134,17,1,0
BRDA:141,18,0,5
BRDA:141,18,1,0
BRDA:143,19,0,5
BRDA:143,19,1,0
BRDA:149,20,0,5
BRDA:149,20,1,4
BRDA:154,21,0,6
BRDA:154,21,1,15
BRDA:163,22,0,3
BRDA:163,22,1,6
BRDA:170,23,0,1
BRDA:170,23,1,2
BRDA:175,24,0,1
BRDA:175,24,1,9
BRDA:184,25,0,2
BRDA:184,25,1,1
BRDA:191,26,0,2
BRDA:191,26,1,2
BRDA:196,27,0,2
BRDA:196,27,1,10
BRDA:205,28,0,2
BRDA:205,28,1,2
BRDA:212,29,0,1
BRDA:212,29,1,2
BRDA:217,30,0,1
BRDA:217,30,1,7
BRDA:226,31,0,2
BRDA:226,31,1,1
BRF:62
BRH:53
end_of_record
